[0623/013146.157:ERROR:scoped_process_suspend.cc(40)] NtResumeProcess: An attempt was made to access an exiting process. (0xc000010a)
[0624/110724.880:ERROR:process_reader_win.cc(151)] SuspendThread: Access is denied. (0x5)
[0624/110724.881:ERROR:process_reader_win.cc(151)] SuspendThread: Access is denied. (0x5)
[0624/110725.096:ERROR:process_memory_win.cc(73)] ReadMemory at 0x27026f686d0 of 72 bytes failed: Only part of a ReadProcessMemory or WriteProcessMemory request was completed. (0x12B)
[0624/110725.097:WARNING:pe_image_annotations_reader.cc(134)] could not read annotations list object in C:\Program Files (x86)\Google\Chrome\Application\83.0.4103.106\chrome_elf.dll
[0624/110725.098:ERROR:process_memory_win.cc(73)] ReadMemory at 0x27027575c30 of 72 bytes failed: Only part of a ReadProcessMemory or WriteProcessMemory request was completed. (0x12B)
[0624/110725.098:WARNING:pe_image_annotations_reader.cc(134)] could not read annotations list object in C:\Program Files (x86)\Google\Chrome\Application\83.0.4103.106\chrome.dll
[0624/110725.098:ERROR:process_memory_win.cc(73)] ReadMemory at 0x27026e90000 of 64 bytes failed: Only part of a ReadProcessMemory or WriteProcessMemory request was completed. (0x12B)
[0624/110725.098:WARNING:pe_image_reader.cc(340)] could not read dos header from C:\WINDOWS\System32\WINTRUST.dll
[0624/110725.098:ERROR:process_memory_win.cc(73)] ReadMemory at 0x270274b0000 of 64 bytes failed: Only part of a ReadProcessMemory or WriteProcessMemory request was completed. (0x12B)
[0624/110725.098:WARNING:pe_image_reader.cc(340)] could not read dos header from C:\WINDOWS\System32\bcryptPrimitives.dll
[0624/110725.102:ERROR:process_memory_win.cc(73)] ReadMemory at 0x27026f686d0 of 72 bytes failed: Only part of a ReadProcessMemory or WriteProcessMemory request was completed. (0x12B)
[0624/110725.102:WARNING:pe_image_annotations_reader.cc(134)] could not read annotations list object in C:\Program Files (x86)\Google\Chrome\Application\83.0.4103.106\chrome_elf.dll
[0624/110725.103:ERROR:process_memory_win.cc(73)] ReadMemory at 0x27027575c30 of 72 bytes failed: Only part of a ReadProcessMemory or WriteProcessMemory request was completed. (0x12B)
[0624/110725.103:WARNING:pe_image_annotations_reader.cc(134)] could not read annotations list object in C:\Program Files (x86)\Google\Chrome\Application\83.0.4103.106\chrome.dll
[0624/110725.103:ERROR:process_memory_win.cc(73)] ReadMemory at 0x27026e90000 of 64 bytes failed: Only part of a ReadProcessMemory or WriteProcessMemory request was completed. (0x12B)
[0624/110725.103:WARNING:pe_image_reader.cc(340)] could not read dos header from C:\WINDOWS\System32\WINTRUST.dll
[0624/110725.103:ERROR:process_memory_win.cc(73)] ReadMemory at 0x270274b0000 of 64 bytes failed: Only part of a ReadProcessMemory or WriteProcessMemory request was completed. (0x12B)
[0624/110725.103:WARNING:pe_image_reader.cc(340)] could not read dos header from C:\WINDOWS\System32\bcryptPrimitives.dll
[0624/110725.104:ERROR:process_memory_win.cc(73)] ReadMemory at 0x27026f686d0 of 72 bytes failed: Only part of a ReadProcessMemory or WriteProcessMemory request was completed. (0x12B)
[0624/110725.104:WARNING:pe_image_annotations_reader.cc(134)] could not read annotations list object in C:\Program Files (x86)\Google\Chrome\Application\83.0.4103.106\chrome_elf.dll
[0624/110725.104:ERROR:process_memory_win.cc(73)] ReadMemory at 0x27027575c30 of 72 bytes failed: Only part of a ReadProcessMemory or WriteProcessMemory request was completed. (0x12B)
[0624/110725.104:WARNING:pe_image_annotations_reader.cc(134)] could not read annotations list object in C:\Program Files (x86)\Google\Chrome\Application\83.0.4103.106\chrome.dll
[0624/110725.104:ERROR:process_memory_win.cc(73)] ReadMemory at 0x27026e90000 of 64 bytes failed: Only part of a ReadProcessMemory or WriteProcessMemory request was completed. (0x12B)
[0624/110725.104:WARNING:pe_image_reader.cc(340)] could not read dos header from C:\WINDOWS\System32\WINTRUST.dll
[0624/110725.105:ERROR:process_memory_win.cc(73)] ReadMemory at 0x270274b0000 of 64 bytes failed: Only part of a ReadProcessMemory or WriteProcessMemory request was completed. (0x12B)
[0624/110725.105:WARNING:pe_image_reader.cc(340)] could not read dos header from C:\WINDOWS\System32\bcryptPrimitives.dll
[0624/110725.139:ERROR:process_memory_win.cc(73)] ReadMemory at 0xd03af00000 of 1048576 bytes failed: Only part of a ReadProcessMemory or WriteProcessMemory request was completed. (0x12B)
[0624/110725.139:ERROR:process_memory_win.cc(73)] ReadMemory at 0xd0366a2000 of 6024 bytes failed: Only part of a ReadProcessMemory or WriteProcessMemory request was completed. (0x12B)
[0624/110725.139:ERROR:process_memory_win.cc(73)] ReadMemory at 0xd03673e000 of 852 bytes failed: Only part of a ReadProcessMemory or WriteProcessMemory request was completed. (0x12B)
[0624/110725.139:ERROR:process_memory_win.cc(73)] ReadMemory at 0x27026b10750 of 66 bytes failed: Only part of a ReadProcessMemory or WriteProcessMemory request was completed. (0x12B)
[0624/110725.139:ERROR:process_memory_win.cc(73)] ReadMemory at 0x27026b10fe0 of 6768 bytes failed: Only part of a ReadProcessMemory or WriteProcessMemory request was completed. (0x12B)
[0624/110725.140:ERROR:process_memory_win.cc(73)] ReadMemory at 0x27026b12a60 of 1012 bytes failed: Only part of a ReadProcessMemory or WriteProcessMemory request was completed. (0x12B)
[0624/110725.140:ERROR:process_memory_win.cc(73)] ReadMemory at 0x27026b130a8 of 118 bytes failed: Only part of a ReadProcessMemory or WriteProcessMemory request was completed. (0x12B)
[0624/110725.140:ERROR:process_memory_win.cc(73)] ReadMemory at 0x27026b13120 of 1004 bytes failed: Only part of a ReadProcessMemory or WriteProcessMemory request was completed. (0x12B)
[0624/110725.140:ERROR:process_memory_win.cc(73)] ReadMemory at 0x27026b1350e of 118 bytes failed: Only part of a ReadProcessMemory or WriteProcessMemory request was completed. (0x12B)
[0624/110725.140:ERROR:process_memory_win.cc(73)] ReadMemory at 0x27026b13586 of 96 bytes failed: Only part of a ReadProcessMemory or WriteProcessMemory request was completed. (0x12B)
[0624/110725.140:ERROR:process_memory_win.cc(73)] ReadMemory at 0x27026b13600 of 58 bytes failed: Only part of a ReadProcessMemory or WriteProcessMemory request was completed. (0x12B)
[0624/110725.140:ERROR:process_memory_win.cc(73)] ReadMemory at 0x27026b13700 of 132 bytes failed: Only part of a ReadProcessMemory or WriteProcessMemory request was completed. (0x12B)
[0624/110725.140:ERROR:process_memory_win.cc(73)] ReadMemory at 0x27026b13890 of 132 bytes failed: Only part of a ReadProcessMemory or WriteProcessMemory request was completed. (0x12B)
[0624/110725.140:ERROR:process_memory_win.cc(73)] ReadMemory at 0x27026b13a50 of 126 bytes failed: Only part of a ReadProcessMemory or WriteProcessMemory request was completed. (0x12B)
[0624/110725.140:ERROR:process_memory_win.cc(73)] ReadMemory at 0x27026b13e30 of 132 bytes failed: Only part of a ReadProcessMemory or WriteProcessMemory request was completed. (0x12B)
[0624/110725.140:ERROR:process_memory_win.cc(73)] ReadMemory at 0x27026b13fd0 of 64 bytes failed: Only part of a ReadProcessMemory or WriteProcessMemory request was completed. (0x12B)
[0624/110725.140:ERROR:process_memory_win.cc(73)] ReadMemory at 0x27026b14190 of 132 bytes failed: Only part of a ReadProcessMemory or WriteProcessMemory request was completed. (0x12B)
[0624/110725.140:ERROR:process_memory_win.cc(73)] ReadMemory at 0x27026b14450 of 132 bytes failed: Only part of a ReadProcessMemory or WriteProcessMemory request was completed. (0x12B)
[0624/110725.141:ERROR:process_memory_win.cc(73)] ReadMemory at 0x27026b145e0 of 68 bytes failed: Only part of a ReadProcessMemory or WriteProcessMemory request was completed. (0x12B)
[0624/110725.141:ERROR:process_memory_win.cc(73)] ReadMemory at 0x27026b15720 of 132 bytes failed: Only part of a ReadProcessMemory or WriteProcessMemory request was completed. (0x12B)
[0624/110725.141:ERROR:process_memory_win.cc(73)] ReadMemory at 0x27026b15850 of 154 bytes failed: Only part of a ReadProcessMemory or WriteProcessMemory request was completed. (0x12B)
[0624/110725.141:ERROR:process_memory_win.cc(73)] ReadMemory at 0x27026b16dc0 of 132 bytes failed: Only part of a ReadProcessMemory or WriteProcessMemory request was completed. (0x12B)
[0624/110725.141:ERROR:process_memory_win.cc(73)] ReadMemory at 0x27026b17980 of 62 bytes failed: Only part of a ReadProcessMemory or WriteProcessMemory request was completed. (0x12B)
[0624/110725.141:ERROR:process_memory_win.cc(73)] ReadMemory at 0x27026b179d0 of 132 bytes failed: Only part of a ReadProcessMemory or WriteProcessMemory request was completed. (0x12B)
[0624/110725.141:ERROR:process_memory_win.cc(73)] ReadMemory at 0x27026b17b70 of 132 bytes failed: Only part of a ReadProcessMemory or WriteProcessMemory request was completed. (0x12B)
[0624/110725.141:ERROR:process_memory_win.cc(73)] ReadMemory at 0x27026b17ca0 of 60 bytes failed: Only part of a ReadProcessMemory or WriteProcessMemory request was completed. (0x12B)
[0624/110725.141:ERROR:process_memory_win.cc(73)] ReadMemory at 0x27026b17cf0 of 98 bytes failed: Only part of a ReadProcessMemory or WriteProcessMemory request was completed. (0x12B)
[0624/110725.141:ERROR:process_memory_win.cc(73)] ReadMemory at 0x27026b17d60 of 60 bytes failed: Only part of a ReadProcessMemory or WriteProcessMemory request was completed. (0x12B)
[0624/110725.141:ERROR:process_memory_win.cc(73)] ReadMemory at 0x27026b188e0 of 132 bytes failed: Only part of a ReadProcessMemory or WriteProcessMemory request was completed. (0x12B)
[0624/110725.142:ERROR:process_memory_win.cc(73)] ReadMemory at 0x27026b18a70 of 60 bytes failed: Only part of a ReadProcessMemory or WriteProcessMemory request was completed. (0x12B)
[0624/110725.142:ERROR:process_memory_win.cc(73)] ReadMemory at 0x27026b18bd0 of 132 bytes failed: Only part of a ReadProcessMemory or WriteProcessMemory request was completed. (0x12B)
[0624/110725.142:ERROR:process_memory_win.cc(73)] ReadMemory at 0x27026b18d60 of 58 bytes failed: Only part of a ReadProcessMemory or WriteProcessMemory request was completed. (0x12B)
[0624/110725.142:ERROR:process_memory_win.cc(73)] ReadMemory at 0x27026b18db0 of 64 bytes failed: Only part of a ReadProcessMemory or WriteProcessMemory request was completed. (0x12B)
[0624/110725.143:ERROR:process_memory_win.cc(73)] ReadMemory at 0x27026b18ea0 of 68 bytes failed: Only part of a ReadProcessMemory or WriteProcessMemory request was completed. (0x12B)
[0624/110725.143:ERROR:process_memory_win.cc(73)] ReadMemory at 0x27026b18fb0 of 132 bytes failed: Only part of a ReadProcessMemory or WriteProcessMemory request was completed. (0x12B)
[0624/110725.143:ERROR:process_memory_win.cc(73)] ReadMemory at 0x27026b1b840 of 132 bytes failed: Only part of a ReadProcessMemory or WriteProcessMemory request was completed. (0x12B)
[0624/110725.143:ERROR:process_memory_win.cc(73)] ReadMemory at 0x27026b1bab0 of 62 bytes failed: Only part of a ReadProcessMemory or WriteProcessMemory request was completed. (0x12B)
[0624/110725.143:ERROR:process_memory_win.cc(73)] ReadMemory at 0x27026b1bdd0 of 62 bytes failed: Only part of a ReadProcessMemory or WriteProcessMemory request was completed. (0x12B)
[0624/110725.143:ERROR:process_memory_win.cc(73)] ReadMemory at 0x27026b1be20 of 58 bytes failed: Only part of a ReadProcessMemory or WriteProcessMemory request was completed. (0x12B)
[0624/110725.143:ERROR:process_memory_win.cc(73)] ReadMemory at 0x27026b1be70 of 64 bytes failed: Only part of a ReadProcessMemory or WriteProcessMemory request was completed. (0x12B)
[0624/110725.143:ERROR:process_memory_win.cc(73)] ReadMemory at 0x27026b1bec0 of 66 bytes failed: Only part of a ReadProcessMemory or WriteProcessMemory request was completed. (0x12B)
[0624/110725.143:ERROR:process_memory_win.cc(73)] ReadMemory at 0x27026b1bf10 of 60 bytes failed: Only part of a ReadProcessMemory or WriteProcessMemory request was completed. (0x12B)
[0624/110725.143:ERROR:process_memory_win.cc(73)] ReadMemory at 0x27026b1c050 of 64 bytes failed: Only part of a ReadProcessMemory or WriteProcessMemory request was completed. (0x12B)
[0624/110725.143:ERROR:process_memory_win.cc(73)] ReadMemory at 0x27026b1c580 of 132 bytes failed: Only part of a ReadProcessMemory or WriteProcessMemory request was completed. (0x12B)
[0624/110725.143:ERROR:process_memory_win.cc(73)] ReadMemory at 0x27026b1c6a0 of 146 bytes failed: Only part of a ReadProcessMemory or WriteProcessMemory request was completed. (0x12B)
[0624/110725.143:ERROR:process_memory_win.cc(73)] ReadMemory at 0x27026b1c770 of 132 bytes failed: Only part of a ReadProcessMemory or WriteProcessMemory request was completed. (0x12B)
[0624/110725.143:ERROR:process_memory_win.cc(73)] ReadMemory at 0x27026b1d6d0 of 132 bytes failed: Only part of a ReadProcessMemory or WriteProcessMemory request was completed. (0x12B)
[0624/110725.143:ERROR:process_memory_win.cc(73)] ReadMemory at 0x27026b1d8f0 of 132 bytes failed: Only part of a ReadProcessMemory or WriteProcessMemory request was completed. (0x12B)
[0624/110725.143:ERROR:process_memory_win.cc(73)] ReadMemory at 0x27026b1dc90 of 132 bytes failed: Only part of a ReadProcessMemory or WriteProcessMemory request was completed. (0x12B)
[0624/110725.143:ERROR:process_memory_win.cc(73)] ReadMemory at 0x27026b1ddc0 of 132 bytes failed: Only part of a ReadProcessMemory or WriteProcessMemory request was completed. (0x12B)
[0624/110725.143:ERROR:process_memory_win.cc(73)] ReadMemory at 0x27026b1def0 of 132 bytes failed: Only part of a ReadProcessMemory or WriteProcessMemory request was completed. (0x12B)
[0624/110725.143:ERROR:process_memory_win.cc(73)] ReadMemory at 0x27026b1e020 of 132 bytes failed: Only part of a ReadProcessMemory or WriteProcessMemory request was completed. (0x12B)
[0624/110725.143:ERROR:process_memory_win.cc(73)] ReadMemory at 0x27026b1e280 of 132 bytes failed: Only part of a ReadProcessMemory or WriteProcessMemory request was completed. (0x12B)
[0624/110725.144:ERROR:process_memory_win.cc(73)] ReadMemory at 0x27026b1e3b0 of 132 bytes failed: Only part of a ReadProcessMemory or WriteProcessMemory request was completed. (0x12B)
[0624/110725.144:ERROR:process_memory_win.cc(73)] ReadMemory at 0x27026b1e4e0 of 132 bytes failed: Only part of a ReadProcessMemory or WriteProcessMemory request was completed. (0x12B)
[0624/110725.144:ERROR:process_memory_win.cc(73)] ReadMemory at 0x27026b1e610 of 132 bytes failed: Only part of a ReadProcessMemory or WriteProcessMemory request was completed. (0x12B)
[0624/110725.144:ERROR:process_memory_win.cc(73)] ReadMemory at 0x27026b1e740 of 132 bytes failed: Only part of a ReadProcessMemory or WriteProcessMemory request was completed. (0x12B)
[0624/110725.144:ERROR:process_memory_win.cc(73)] ReadMemory at 0x27026b1e870 of 132 bytes failed: Only part of a ReadProcessMemory or WriteProcessMemory request was completed. (0x12B)
[0624/110725.144:ERROR:process_memory_win.cc(73)] ReadMemory at 0x27026b1e9a0 of 132 bytes failed: Only part of a ReadProcessMemory or WriteProcessMemory request was completed. (0x12B)
[0624/110725.144:ERROR:process_memory_win.cc(73)] ReadMemory at 0x27026b1ead0 of 132 bytes failed: Only part of a ReadProcessMemory or WriteProcessMemory request was completed. (0x12B)
[0624/110725.144:ERROR:process_memory_win.cc(73)] ReadMemory at 0x27026b2b730 of 62 bytes failed: Only part of a ReadProcessMemory or WriteProcessMemory request was completed. (0x12B)
[0624/110725.144:ERROR:process_memory_win.cc(73)] ReadMemory at 0x27026b2b9b0 of 64 bytes failed: Only part of a ReadProcessMemory or WriteProcessMemory request was completed. (0x12B)
[0624/110725.144:ERROR:process_memory_win.cc(73)] ReadMemory at 0x27026b2ba00 of 60 bytes failed: Only part of a ReadProcessMemory or WriteProcessMemory request was completed. (0x12B)
[0624/110725.144:ERROR:process_memory_win.cc(73)] ReadMemory at 0x27026b2ba50 of 62 bytes failed: Only part of a ReadProcessMemory or WriteProcessMemory request was completed. (0x12B)
[0624/110725.144:ERROR:process_memory_win.cc(73)] ReadMemory at 0x27026b2baf0 of 64 bytes failed: Only part of a ReadProcessMemory or WriteProcessMemory request was completed. (0x12B)
[0624/110725.144:ERROR:process_memory_win.cc(73)] ReadMemory at 0x27026b2bb90 of 62 bytes failed: Only part of a ReadProcessMemory or WriteProcessMemory request was completed. (0x12B)
[0624/110725.145:ERROR:process_memory_win.cc(73)] ReadMemory at 0x27026b30a50 of 132 bytes failed: Only part of a ReadProcessMemory or WriteProcessMemory request was completed. (0x12B)
[0624/110725.145:ERROR:process_memory_win.cc(73)] ReadMemory at 0x27026b30ee0 of 58 bytes failed: Only part of a ReadProcessMemory or WriteProcessMemory request was completed. (0x12B)
[0624/110725.145:ERROR:process_memory_win.cc(73)] ReadMemory at 0x27026b310e0 of 132 bytes failed: Only part of a ReadProcessMemory or WriteProcessMemory request was completed. (0x12B)
[0624/110725.145:ERROR:process_memory_win.cc(73)] ReadMemory at 0x27026b32380 of 80 bytes failed: Only part of a ReadProcessMemory or WriteProcessMemory request was completed. (0x12B)
[0624/110725.145:ERROR:process_memory_win.cc(73)] ReadMemory at 0x27026b32f20 of 80 bytes failed: Only part of a ReadProcessMemory or WriteProcessMemory request was completed. (0x12B)
[0624/110725.145:ERROR:process_memory_win.cc(73)] ReadMemory at 0x27026b35bb0 of 132 bytes failed: Only part of a ReadProcessMemory or WriteProcessMemory request was completed. (0x12B)
[0624/110725.145:ERROR:process_memory_win.cc(73)] ReadMemory at 0x27026b35ce0 of 132 bytes failed: Only part of a ReadProcessMemory or WriteProcessMemory request was completed. (0x12B)
[0624/110725.145:ERROR:process_memory_win.cc(73)] ReadMemory at 0x27026b35e10 of 132 bytes failed: Only part of a ReadProcessMemory or WriteProcessMemory request was completed. (0x12B)
[0624/110725.145:ERROR:process_memory_win.cc(73)] ReadMemory at 0x27026b35f40 of 132 bytes failed: Only part of a ReadProcessMemory or WriteProcessMemory request was completed. (0x12B)
[0624/110725.146:ERROR:process_memory_win.cc(73)] ReadMemory at 0x27026b361a0 of 132 bytes failed: Only part of a ReadProcessMemory or WriteProcessMemory request was completed. (0x12B)
[0624/110725.146:ERROR:process_memory_win.cc(73)] ReadMemory at 0x27026b362d0 of 132 bytes failed: Only part of a ReadProcessMemory or WriteProcessMemory request was completed. (0x12B)
[0624/110725.146:ERROR:process_memory_win.cc(73)] ReadMemory at 0x27026b36400 of 132 bytes failed: Only part of a ReadProcessMemory or WriteProcessMemory request was completed. (0x12B)
[0624/110725.146:ERROR:process_memory_win.cc(73)] ReadMemory at 0x27026b36530 of 132 bytes failed: Only part of a ReadProcessMemory or WriteProcessMemory request was completed. (0x12B)
[0624/110725.146:ERROR:process_memory_win.cc(73)] ReadMemory at 0x27026b36660 of 132 bytes failed: Only part of a ReadProcessMemory or WriteProcessMemory request was completed. (0x12B)
[0624/110725.146:ERROR:process_memory_win.cc(73)] ReadMemory at 0x27026b36790 of 132 bytes failed: Only part of a ReadProcessMemory or WriteProcessMemory request was completed. (0x12B)
[0624/110725.146:ERROR:process_memory_win.cc(73)] ReadMemory at 0x27026b368c0 of 132 bytes failed: Only part of a ReadProcessMemory or WriteProcessMemory request was completed. (0x12B)
[0624/110725.146:ERROR:process_memory_win.cc(73)] ReadMemory at 0x27026b3d210 of 64 bytes failed: Only part of a ReadProcessMemory or WriteProcessMemory request was completed. (0x12B)
[0624/110725.146:ERROR:process_memory_win.cc(73)] ReadMemory at 0x27026b3d620 of 62 bytes failed: Only part of a ReadProcessMemory or WriteProcessMemory request was completed. (0x12B)
[0624/110725.146:ERROR:process_memory_win.cc(73)] ReadMemory at 0x27026b3d8a0 of 62 bytes failed: Only part of a ReadProcessMemory or WriteProcessMemory request was completed. (0x12B)
[0624/110725.146:ERROR:process_memory_win.cc(73)] ReadMemory at 0x27026b3d940 of 64 bytes failed: Only part of a ReadProcessMemory or WriteProcessMemory request was completed. (0x12B)
[0624/110725.146:ERROR:process_memory_win.cc(73)] ReadMemory at 0x27026b3d990 of 62 bytes failed: Only part of a ReadProcessMemory or WriteProcessMemory request was completed. (0x12B)
[0624/110725.146:ERROR:process_memory_win.cc(73)] ReadMemory at 0x27026b3da30 of 60 bytes failed: Only part of a ReadProcessMemory or WriteProcessMemory request was completed. (0x12B)
[0624/110725.146:ERROR:process_memory_win.cc(73)] ReadMemory at 0x27026b3da80 of 58 bytes failed: Only part of a ReadProcessMemory or WriteProcessMemory request was completed. (0x12B)
[0624/110725.146:ERROR:process_memory_win.cc(73)] ReadMemory at 0x27026b3dad0 of 60 bytes failed: Only part of a ReadProcessMemory or WriteProcessMemory request was completed. (0x12B)
[0624/110725.146:ERROR:process_memory_win.cc(73)] ReadMemory at 0x27026b3db20 of 64 bytes failed: Only part of a ReadProcessMemory or WriteProcessMemory request was completed. (0x12B)
[0624/110725.147:ERROR:process_memory_win.cc(73)] ReadMemory at 0x27026b3df30 of 62 bytes failed: Only part of a ReadProcessMemory or WriteProcessMemory request was completed. (0x12B)
[0624/110725.147:ERROR:process_memory_win.cc(73)] ReadMemory at 0x27026b3dfd0 of 62 bytes failed: Only part of a ReadProcessMemory or WriteProcessMemory request was completed. (0x12B)
[0624/110725.150:ERROR:scoped_process_suspend.cc(40)] NtResumeProcess: An attempt was made to access an exiting process. (0xc000010a)
[0625/005329.112:ERROR:process_memory_win.cc(73)] ReadMemory at 0x28466cd0000 of 64 bytes failed: Only part of a ReadProcessMemory or WriteProcessMemory request was completed. (0x12B)
[0625/010448.072:ERROR:process_memory_win.cc(73)] ReadMemory at 0x2056d760000 of 64 bytes failed: Only part of a ReadProcessMemory or WriteProcessMemory request was completed. (0x12B)
[0625/010448.073:WARNING:pe_image_reader.cc(340)] could not read dos header from C:\WINDOWS\System32\bcryptPrimitives.dll
[0625/010448.077:ERROR:process_memory_win.cc(73)] ReadMemory at 0x2056d0986d0 of 72 bytes failed: Only part of a ReadProcessMemory or WriteProcessMemory request was completed. (0x12B)
[0625/010448.078:WARNING:pe_image_annotations_reader.cc(134)] could not read annotations list object in C:\Program Files (x86)\Google\Chrome\Application\83.0.4103.106\chrome_elf.dll
[0625/010448.078:ERROR:process_memory_win.cc(73)] ReadMemory at 0x2056d825690 of 72 bytes failed: Only part of a ReadProcessMemory or WriteProcessMemory request was completed. (0x12B)
[0625/010448.078:WARNING:pe_image_annotations_reader.cc(134)] could not read annotations list object in C:\Program Files (x86)\Google\Chrome\Application\83.0.4103.106\chrome.dll
[0625/010448.078:ERROR:process_memory_win.cc(73)] ReadMemory at 0x2056d6c0000 of 64 bytes failed: Only part of a ReadProcessMemory or WriteProcessMemory request was completed. (0x12B)
[0625/010448.078:WARNING:pe_image_reader.cc(340)] could not read dos header from C:\WINDOWS\System32\WINTRUST.dll
[0625/010448.079:ERROR:process_memory_win.cc(73)] ReadMemory at 0x2056d760000 of 64 bytes failed: Only part of a ReadProcessMemory or WriteProcessMemory request was completed. (0x12B)
[0625/010448.079:WARNING:pe_image_reader.cc(340)] could not read dos header from C:\WINDOWS\System32\bcryptPrimitives.dll
[0625/010448.079:ERROR:process_memory_win.cc(73)] ReadMemory at 0x2056d0986d0 of 72 bytes failed: Only part of a ReadProcessMemory or WriteProcessMemory request was completed. (0x12B)
[0625/010448.079:WARNING:pe_image_annotations_reader.cc(134)] could not read annotations list object in C:\Program Files (x86)\Google\Chrome\Application\83.0.4103.106\chrome_elf.dll
[0625/010448.080:ERROR:process_memory_win.cc(73)] ReadMemory at 0x2056d825690 of 72 bytes failed: Only part of a ReadProcessMemory or WriteProcessMemory request was completed. (0x12B)
[0625/010448.080:WARNING:pe_image_annotations_reader.cc(134)] could not read annotations list object in C:\Program Files (x86)\Google\Chrome\Application\83.0.4103.106\chrome.dll
[0625/010448.080:ERROR:process_memory_win.cc(73)] ReadMemory at 0x2056d6c0000 of 64 bytes failed: Only part of a ReadProcessMemory or WriteProcessMemory request was completed. (0x12B)
[0625/010448.080:WARNING:pe_image_reader.cc(340)] could not read dos header from C:\WINDOWS\System32\WINTRUST.dll
[0625/010448.080:ERROR:process_memory_win.cc(73)] ReadMemory at 0x2056d760000 of 64 bytes failed: Only part of a ReadProcessMemory or WriteProcessMemory request was completed. (0x12B)
[0625/010448.080:WARNING:pe_image_reader.cc(340)] could not read dos header from C:\WINDOWS\System32\bcryptPrimitives.dll
